Using launch settings from C:\CursorProjects\AllForPet-NagarNigam\Properties\launchSettings.json...
Building...
info: Microsoft.Hosting.Lifetime[14]
      Now listening on: https://localhost:7207
info: Microsoft.Hosting.Lifetime[14]
      Now listening on: http://localhost:5009
info: Microsoft.Hosting.Lifetime[0]
      Application started. Press Ctrl+C to shut down.
info: Microsoft.Hosting.Lifetime[0]
      Hosting environment: Development
info: Microsoft.Hosting.Lifetime[0]
      Content root path: C:\CursorProjects\AllForPet-NagarNigam
info: System.Net.Http.HttpClient.Default.LogicalHandler[100]
      Start processing HTTP request GET http://localhost:3000/api/geo/zones?nigamId=2
info: System.Net.Http.HttpClient.Default.ClientHandler[100]
      Sending HTTP request GET http://localhost:3000/api/geo/zones?nigamId=2
info: System.Net.Http.HttpClient.Default.ClientHandler[101]
      Received HTTP response headers after 138.0058ms - 200
info: System.Net.Http.HttpClient.Default.LogicalHandler[101]
      End processing HTTP request after 153.4887ms - 200
info: System.Net.Http.HttpClient.Default.LogicalHandler[100]
      Start processing HTTP request GET http://localhost:3000/api/geo/zones/all?nigamId=2
info: System.Net.Http.HttpClient.Default.ClientHandler[100]
      Sending HTTP request GET http://localhost:3000/api/geo/zones/all?nigamId=2
info: System.Net.Http.HttpClient.Default.ClientHandler[101]
      Received HTTP response headers after 3.7981ms - 200
info: System.Net.Http.HttpClient.Default.LogicalHandler[101]
      End processing HTTP request after 3.9329ms - 200
info: Microsoft.Hosting.Lifetime[0]
      Application is shutting down...
